# JRE version: OpenJDK Runtime Environment (8.0_242-b01) (build 1.8.0_242-release-1644-b01)
# Java VM: OpenJDK 64-Bit Server VM (25.242-b01 mixed mode windows-amd64 compressed oops)
Heap:
 PSYoungGen      total 461824K, used 183879K [0x00000000e0000000, 0x0000000100000000, 0x0000000100000000)
  eden space 408576K, 31% used [0x00000000e0000000,0x00000000e7faa6c0,0x00000000f8f00000)
  from space 53248K, 99% used [0x00000000f8f00000,0x00000000fc2e7548,0x00000000fc300000)
  to   space 62464K, 0% used [0x00000000fc300000,0x00000000fc300000,0x0000000100000000)
 ParOldGen       total 236544K, used 183923K [0x00000000a0000000, 0x00000000ae700000, 0x00000000e0000000)
  object space 236544K, 77% used [0x00000000a0000000,0x00000000ab39cc40,0x00000000ae700000)
 Metaspace       used 104672K, capacity 109414K, committed 109736K, reserved 1144832K
  class space    used 13647K, capacity 14639K, committed 14768K, reserved 1048576K
GC Heap History (10 events):
Event: 38.222 GC heap before
{Heap before GC invocations=13 (full 3):
 PSYoungGen      total 459264K, used 443323K [0x00000000e0000000, 0x0000000100000000, 0x0000000100000000)
  eden space 432640K, 100% used [0x00000000e0000000,0x00000000fa680000,0x00000000fa680000)
  from space 26624K, 40% used [0x00000000fa680000,0x00000000fb0eee50,0x00000000fc080000)
  to   space 26112K, 0% used [0x00000000fe680000,0x00000000fe680000,0x0000000100000000)
 ParOldGen       total 149504K, used 37507K [0x00000000a0000000, 0x00000000a9200000, 0x00000000e0000000)
  object space 149504K, 25% used [0x00000000a0000000,0x00000000a24a0e50,0x00000000a9200000)
 Metaspace       used 71639K, capacity 74510K, committed 74664K, reserved 1114112K
  class space    used 9629K, capacity 10341K, committed 10416K, reserved 1048576K
Event: 38.234 GC heap after
Heap after GC invocations=13 (full 3):
 PSYoungGen      total 492032K, used 24955K [0x00000000e0000000, 0x0000000100000000, 0x0000000100000000)
  eden space 465920K, 0% used [0x00000000e0000000,0x00000000e0000000,0x00000000fc700000)
  from space 26112K, 95% used [0x00000000fe680000,0x00000000ffedee10,0x0000000100000000)
  to   space 29184K, 0% used [0x00000000fc700000,0x00000000fc700000,0x00000000fe380000)
 ParOldGen       total 149504K, used 37515K [0x00000000a0000000, 0x00000000a9200000, 0x00000000e0000000)
  object space 149504K, 25% used [0x00000000a0000000,0x00000000a24a2e50,0x00000000a9200000)
 Metaspace       used 71639K, capacity 74510K, committed 74664K, reserved 1114112K
  class space    used 9629K, capacity 10341K, committed 10416K, reserved 1048576K
}
Event: 69.416 GC heap before
{Heap before GC invocations=14 (full 3):
 PSYoungGen      total 492032K, used 433838K [0x00000000e0000000, 0x0000000100000000, 0x0000000100000000)
  eden space 465920K, 87% used [0x00000000e0000000,0x00000000f8f4cb08,0x00000000fc700000)
  from space 26112K, 95% used [0x00000000fe680000,0x00000000ffedee10,0x0000000100000000)
  to   space 29184K, 0% used [0x00000000fc700000,0x00000000fc700000,0x00000000fe380000)
 ParOldGen       total 149504K, used 37515K [0x00000000a0000000, 0x00000000a9200000, 0x00000000e0000000)
  object space 149504K, 25% used [0x00000000a0000000,0x00000000a24a2e50,0x00000000a9200000)
 Metaspace       used 94470K, capacity 98460K, committed 98600K, reserved 1134592K
  class space    used 12590K, capacity 13493K, committed 13616K, reserved 1048576K
Event: 69.455 GC heap after
Heap after GC invocations=14 (full 3):
 PSYoungGen      total 495104K, used 29167K [0x00000000e0000000, 0x0000000100000000, 0x0000000100000000)
  eden space 465920K, 0% used [0x00000000e0000000,0x00000000e0000000,0x00000000fc700000)
  from space 29184K, 99% used [0x00000000fc700000,0x00000000fe37bc70,0x00000000fe380000)
  to   space 29184K, 0% used [0x00000000fe380000,0x00000000fe380000,0x0000000100000000)
 ParOldGen       total 149504K, used 59138K [0x00000000a0000000, 0x00000000a9200000, 0x00000000e0000000)
  object space 149504K, 39% used [0x00000000a0000000,0x00000000a39c0a00,0x00000000a9200000)
 Metaspace       used 94470K, capacity 98460K, committed 98600K, reserved 1134592K
  class space    used 12590K, capacity 13493K, committed 13616K, reserved 1048576K
}
Event: 69.455 GC heap before
{Heap before GC invocations=15 (full 4):
 PSYoungGen      total 495104K, used 29167K [0x00000000e0000000, 0x0000000100000000, 0x0000000100000000)
  eden space 465920K, 0% used [0x00000000e0000000,0x00000000e0000000,0x00000000fc700000)
  from space 29184K, 99% used [0x00000000fc700000,0x00000000fe37bc70,0x00000000fe380000)
  to   space 29184K, 0% used [0x00000000fe380000,0x00000000fe380000,0x0000000100000000)
 ParOldGen       total 149504K, used 59138K [0x00000000a0000000, 0x00000000a9200000, 0x00000000e0000000)
  object space 149504K, 39% used [0x00000000a0000000,0x00000000a39c0a00,0x00000000a9200000)
 Metaspace       used 94470K, capacity 98460K, committed 98600K, reserved 1134592K
  class space    used 12590K, capacity 13493K, committed 13616K, reserved 1048576K
Event: 69.680 GC heap after
Heap after GC invocations=15 (full 4):
 PSYoungGen      total 495104K, used 0K [0x00000000e0000000, 0x0000000100000000, 0x0000000100000000)
  eden space 465920K, 0% used [0x00000000e0000000,0x00000000e0000000,0x00000000fc700000)
  from space 29184K, 0% used [0x00000000fc700000,0x00000000fc700000,0x00000000fe380000)
  to   space 29184K, 0% used [0x00000000fe380000,0x00000000fe380000,0x0000000100000000)
 ParOldGen       total 236544K, used 83514K [0x00000000a0000000, 0x00000000ae700000, 0x00000000e0000000)
  object space 236544K, 35% used [0x00000000a0000000,0x00000000a518ea00,0x00000000ae700000)
 Metaspace       used 94198K, capacity 97728K, committed 98600K, reserved 1134592K
  class space    used 12506K, capacity 13326K, committed 13616K, reserved 1048576K
}
Event: 78.497 GC heap before
{Heap before GC invocations=16 (full 4):
 PSYoungGen      total 495104K, used 459890K [0x00000000e0000000, 0x0000000100000000, 0x0000000100000000)
  eden space 465920K, 98% used [0x00000000e0000000,0x00000000fc11c8c0,0x00000000fc700000)
  from space 29184K, 0% used [0x00000000fc700000,0x00000000fc700000,0x00000000fe380000)
  to   space 29184K, 0% used [0x00000000fe380000,0x00000000fe380000,0x0000000100000000)
 ParOldGen       total 236544K, used 93754K [0x00000000a0000000, 0x00000000ae700000, 0x00000000e0000000)
  object space 236544K, 39% used [0x00000000a0000000,0x00000000a5b8ea10,0x00000000ae700000)
 Metaspace       used 99543K, capacity 103804K, committed 104104K, reserved 1138688K
  class space    used 13252K, capacity 14156K, committed 14256K, reserved 1048576K
Event: 78.522 GC heap after
Heap after GC invocations=16 (full 4):
 PSYoungGen      total 437760K, used 29152K [0x00000000e0000000, 0x0000000100000000, 0x0000000100000000)
  eden space 408576K, 0% used [0x00000000e0000000,0x00000000e0000000,0x00000000f8f00000)
  from space 29184K, 99% used [0x00000000fe380000,0x00000000ffff80a0,0x0000000100000000)
  to   space 57856K, 0% used [0x00000000f8f00000,0x00000000f8f00000,0x00000000fc780000)
 ParOldGen       total 236544K, used 134677K [0x00000000a0000000, 0x00000000ae700000, 0x00000000e0000000)
  object space 236544K, 56% used [0x00000000a0000000,0x00000000a83854b0,0x00000000ae700000)
 Metaspace       used 99543K, capacity 103804K, committed 104104K, reserved 1138688K
  class space    used 13252K, capacity 14156K, committed 14256K, reserved 1048576K
}
Event: 903.991 GC heap before
{Heap before GC invocations=17 (full 4):
 PSYoungGen      total 437760K, used 437728K [0x00000000e0000000, 0x0000000100000000, 0x0000000100000000)
  eden space 408576K, 100% used [0x00000000e0000000,0x00000000f8f00000,0x00000000f8f00000)
  from space 29184K, 99% used [0x00000000fe380000,0x00000000ffff80a0,0x0000000100000000)
  to   space 57856K, 0% used [0x00000000f8f00000,0x00000000f8f00000,0x00000000fc780000)
 ParOldGen       total 236544K, used 143035K [0x00000000a0000000, 0x00000000ae700000, 0x00000000e0000000)
  object space 236544K, 60% used [0x00000000a0000000,0x00000000a8baee28,0x00000000ae700000)
 Metaspace       used 103888K, capacity 108410K, committed 108584K, reserved 1142784K
  class space    used 13580K, capacity 14549K, committed 14640K, reserved 1048576K
Event: 904.012 GC heap after
Heap after GC invocations=17 (full 4):
 PSYoungGen      total 461824K, used 53149K [0x00000000e0000000, 0x0000000100000000, 0x0000000100000000)
  eden space 408576K, 0% used [0x00000000e0000000,0x00000000e0000000,0x00000000f8f00000)
  from space 53248K, 99% used [0x00000000f8f00000,0x00000000fc2e7548,0x00000000fc300000)
  to   space 62464K, 0% used [0x00000000fc300000,0x00000000fc300000,0x0000000100000000)
 ParOldGen       total 236544K, used 183923K [0x00000000a0000000, 0x00000000ae700000, 0x00000000e0000000)
  object space 236544K, 77% used [0x00000000a0000000,0x00000000ab39cc40,0x00000000ae700000)
 Metaspace       used 103888K, capacity 108410K, committed 108584K, reserved 1142784K
  class space    used 13580K, capacity 14549K, committed 14640K, reserved 1048576K
}

